{"/home/user/Desktop/peter/learnos/src/lib/sm2.ts": {"path":"/home/user/Desktop/peter/learnos/src/lib/sm2.ts","statementMap":{"0":{"start":{"line":1,"column":19},"end":{"line":22,"column":null}},"1":{"start":{"line":3,"column":18},"end":{"line":3,"column":null}},"2":{"start":{"line":4,"column":22},"end":{"line":4,"column":null}},"3":{"start":{"line":6,"column":4},"end":{"line":18,"column":null}},"4":{"start":{"line":7,"column":6},"end":{"line":13,"column":null}},"5":{"start":{"line":8,"column":8},"end":{"line":8,"column":null}},"6":{"start":{"line":9,"column":13},"end":{"line":13,"column":null}},"7":{"start":{"line":10,"column":8},"end":{"line":10,"column":null}},"8":{"start":{"line":12,"column":8},"end":{"line":12,"column":null}},"9":{"start":{"line":14,"column":6},"end":{"line":14,"column":null}},"10":{"start":{"line":16,"column":6},"end":{"line":16,"column":null}},"11":{"start":{"line":17,"column":6},"end":{"line":17,"column":null}},"12":{"start":{"line":20,"column":4},"end":{"line":20,"column":null}}},"fnMap":{"0":{"name":"(anonymous_0)","decl":{"start":{"line":2,"column":2},"end":{"line":2,"column":14}},"loc":{"start":{"line":2,"column":72},"end":{"line":21,"column":null}},"line":2}},"branchMap":{"0":{"loc":{"start":{"line":6,"column":4},"end":{"line":18,"column":null}},"type":"if","locations":[{"start":{"line":6,"column":4},"end":{"line":18,"column":null}},{"start":{"line":15,"column":11},"end":{"line":18,"column":null}}],"line":6},"1":{"loc":{"start":{"line":7,"column":6},"end":{"line":13,"column":null}},"type":"if","locations":[{"start":{"line":7,"column":6},"end":{"line":13,"column":null}},{"start":{"line":9,"column":13},"end":{"line":13,"column":null}}],"line":7},"2":{"loc":{"start":{"line":9,"column":13},"end":{"line":13,"column":null}},"type":"if","locations":[{"start":{"line":9,"column":13},"end":{"line":13,"column":null}},{"start":{"line":11,"column":13},"end":{"line":13,"column":null}}],"line":9}},"s":{"0":1,"1":2,"2":2,"3":2,"4":1,"5":0,"6":1,"7":1,"8":0,"9":1,"10":1,"11":1,"12":2},"f":{"0":2},"b":{"0":[1,1],"1":[0,1],"2":[1,0]},"meta":{"lastBranch":3,"lastFunction":1,"lastStatement":13,"seen":{"s:1:19:22:Infinity":0,"f:2:2:2:14":0,"s:3:18:3:Infinity":1,"s:4:22:4:Infinity":2,"b:6:4:18:Infinity:15:11:18:Infinity":0,"s:6:4:18:Infinity":3,"b:7:6:13:Infinity:9:13:13:Infinity":1,"s:7:6:13:Infinity":4,"s:8:8:8:Infinity":5,"b:9:13:13:Infinity:11:13:13:Infinity":2,"s:9:13:13:Infinity":6,"s:10:8:10:Infinity":7,"s:12:8:12:Infinity":8,"s:14:6:14:Infinity":9,"s:16:6:16:Infinity":10,"s:17:6:17:Infinity":11,"s:20:4:20:Infinity":12},"fnNames":{}}}
}
